

Processing ThingsController#index (for 87.187.124.38 at 2009-11-08 01:49:52) [GET]


Processing ThingsController#index (for 87.187.124.38 at 2009-11-08 01:49:52) [GET]


MissingSourceFile (no such file to load -- sqlite3):
    /usr/lib/ruby/1.8/rubygems/custom_require.rb:31:in `gem_original_require'
    /usr/lib/ruby/1.8/rubygems/custom_require.rb:31:in `require'
    /vendor/rails/activesupport/lib/active_support/dependencies.rb:155:in `require'
    /vendor/rails/activesupport/lib/active_support/core_ext/kernel/requires.rb:7:in `require_library_or_gem'
    /vendor/rails/activesupport/lib/active_support/core_ext/kernel/reporting.rb:11:in `silence_warnings'
    /vendor/rails/activesupport/lib/active_support/core_ext/kernel/requires.rb:5:in `require_library_or_gem'
    /vendor/rails/activerecord/lib/active_record/connection_adapters/sqlite3_adapter.rb:10:in `sqlite3_connection'
    /vendor/rails/activerecord/lib/active_record/connection_adapters/abstract/connection_pool.rb:223:in `send'
    /vendor/rails/activerecord/lib/active_record/connection_adapters/abstract/connection_pool.rb:223:in `new_connection'
    /vendor/rails/activerecord/lib/active_record/connection_adapters/abstract/connection_pool.rb:245:in `checkout_new_connection'
    /vendor/rails/activerecord/lib/active_record/connection_adapters/abstract/connection_pool.rb:188:in `checkout'
    /vendor/rails/activerecord/lib/active_record/connection_adapters/abstract/connection_pool.rb:184:in `loop'
    /vendor/rails/activerecord/lib/active_record/connection_adapters/abstract/connection_pool.rb:184:in `checkout'
    /usr/lib/ruby/1.8/monitor.rb:242:in `synchronize'
    /vendor/rails/activerecord/lib/active_record/connection_adapters/abstract/connection_pool.rb:183:in `checkout'
    /vendor/rails/activerecord/lib/active_record/connection_adapters/abstract/connection_pool.rb:98:in `connection'
    /vendor/rails/activerecord/lib/active_record/connection_adapters/abstract/connection_pool.rb:326:in `retrieve_connection'
    /vendor/rails/activerecord/lib/active_record/connection_adapters/abstract/connection_specification.rb:121:in `retrieve_connection'
    /vendor/rails/activerecord/lib/active_record/connection_adapters/abstract/connection_specification.rb:113:in `connection'
    /vendor/rails/activerecord/lib/active_record/query_cache.rb:8:in `cache'
    /vendor/rails/actionpack/lib/action_controller/caching/sql_cache.rb:12:in `passenger_orig_perform_action'
    /usr/lib/ruby/1.8/phusion_passenger/railz/request_handler.rb:65:in `perform_action'
    /vendor/rails/actionpack/lib/action_controller/base.rb:524:in `send'
    /vendor/rails/actionpack/lib/action_controller/base.rb:524:in `process_without_filters'
    /vendor/rails/actionpack/lib/action_controller/filters.rb:606:in `process_without_session_management_support'
    /vendor/rails/actionpack/lib/action_controller/session_management.rb:134:in `process'
    /vendor/rails/actionpack/lib/action_controller/base.rb:392:in `process'
    /vendor/rails/actionpack/lib/action_controller/dispatcher.rb:184:in `handle_request'
    /vendor/rails/actionpack/lib/action_controller/dispatcher.rb:112:in `dispatch_unlocked'
    /vendor/rails/actionpack/lib/action_controller/dispatcher.rb:125:in `dispatch'
    /vendor/rails/actionpack/lib/action_controller/dispatcher.rb:124:in `synchronize'
    /vendor/rails/actionpack/lib/action_controller/dispatcher.rb:124:in `dispatch'
    /vendor/rails/actionpack/lib/action_controller/dispatcher.rb:134:in `dispatch_cgi'
    /vendor/rails/actionpack/lib/action_controller/dispatcher.rb:41:in `dispatch'
    /usr/lib/ruby/1.8/phusion_passenger/railz/request_handler.rb:50:in `process_request'
    /usr/lib/ruby/1.8/phusion_passenger/abstract_request_handler.rb:207:in `main_loop'
    /usr/lib/ruby/1.8/phusion_passenger/railz/application_spawner.rb:378:in `start_request_handler'
    /usr/lib/ruby/1.8/phusion_passenger/railz/application_spawner.rb:336:in `handle_spawn_application'
    /usr/lib/ruby/1.8/phusion_passenger/utils.rb:183:in `safe_fork'
    /usr/lib/ruby/1.8/phusion_passenger/railz/application_spawner.rb:334:in `handle_spawn_application'
    /usr/lib/ruby/1.8/phusion_passenger/abstract_server.rb:352:in `__send__'
    /usr/lib/ruby/1.8/phusion_passenger/abstract_server.rb:352:in `main_loop'
    /usr/lib/ruby/1.8/phusion_passenger/abstract_server.rb:196:in `start_synchronously'
    /usr/lib/ruby/1.8/phusion_passenger/abstract_server.rb:163:in `start'
    /usr/lib/ruby/1.8/phusion_passenger/railz/application_spawner.rb:213:in `start'
    /usr/lib/ruby/1.8/phusion_passenger/spawn_manager.rb:262:in `spawn_rails_application'
    /usr/lib/ruby/1.8/phusion_passenger/abstract_server_collection.rb:126:in `lookup_or_add'
    /usr/lib/ruby/1.8/phusion_passenger/spawn_manager.rb:256:in `spawn_rails_application'
    /usr/lib/ruby/1.8/phusion_passenger/abstract_server_collection.rb:80:in `synchronize'
    /usr/lib/ruby/1.8/phusion_passenger/abstract_server_collection.rb:79:in `synchronize'
    /usr/lib/ruby/1.8/phusion_passenger/spawn_manager.rb:255:in `spawn_rails_application'
    /usr/lib/ruby/1.8/phusion_passenger/spawn_manager.rb:154:in `spawn_application'
    /usr/lib/ruby/1.8/phusion_passenger/spawn_manager.rb:287:in `handle_spawn_application'
    /usr/lib/ruby/1.8/phusion_passenger/abstract_server.rb:352:in `__send__'
    /usr/lib/ruby/1.8/phusion_passenger/abstract_server.rb:352:in `main_loop'
    /usr/lib/ruby/1.8/phusion_passenger/abstract_server.rb:196:in `start_synchronously'
    /usr/lib/phusion_passenger/passenger-spawn-server:61

Rendering /srv/thingsurfing/thingsoup/public/500.html (500 Internal Server Error)


Processing ThingsController#index (for 87.187.124.38 at 2009-11-08 01:50:46) [GET]


Processing ThingsController#index (for 87.187.124.38 at 2009-11-08 01:50:46) [GET]


MissingSourceFile (no such file to load -- sqlite3):
    /usr/lib/ruby/1.8/rubygems/custom_require.rb:31:in `gem_original_require'
    /usr/lib/ruby/1.8/rubygems/custom_require.rb:31:in `require'
    /vendor/rails/activesupport/lib/active_support/dependencies.rb:155:in `require'
    /vendor/rails/activesupport/lib/active_support/core_ext/kernel/requires.rb:7:in `require_library_or_gem'
    /vendor/rails/activesupport/lib/active_support/core_ext/kernel/reporting.rb:11:in `silence_warnings'
    /vendor/rails/activesupport/lib/active_support/core_ext/kernel/requires.rb:5:in `require_library_or_gem'
    /vendor/rails/activerecord/lib/active_record/connection_adapters/sqlite3_adapter.rb:10:in `sqlite3_connection'
    /vendor/rails/activerecord/lib/active_record/connection_adapters/abstract/connection_pool.rb:223:in `send'
    /vendor/rails/activerecord/lib/active_record/connection_adapters/abstract/connection_pool.rb:223:in `new_connection'
    /vendor/rails/activerecord/lib/active_record/connection_adapters/abstract/connection_pool.rb:245:in `checkout_new_connection'
    /vendor/rails/activerecord/lib/active_record/connection_adapters/abstract/connection_pool.rb:188:in `checkout'
    /vendor/rails/activerecord/lib/active_record/connection_adapters/abstract/connection_pool.rb:184:in `loop'
    /vendor/rails/activerecord/lib/active_record/connection_adapters/abstract/connection_pool.rb:184:in `checkout'
    /usr/lib/ruby/1.8/monitor.rb:242:in `synchronize'
    /vendor/rails/activerecord/lib/active_record/connection_adapters/abstract/connection_pool.rb:183:in `checkout'
    /vendor/rails/activerecord/lib/active_record/connection_adapters/abstract/connection_pool.rb:98:in `connection'
    /vendor/rails/activerecord/lib/active_record/connection_adapters/abstract/connection_pool.rb:326:in `retrieve_connection'
    /vendor/rails/activerecord/lib/active_record/connection_adapters/abstract/connection_specification.rb:121:in `retrieve_connection'
    /vendor/rails/activerecord/lib/active_record/connection_adapters/abstract/connection_specification.rb:113:in `connection'
    /vendor/rails/activerecord/lib/active_record/query_cache.rb:8:in `cache'
    /vendor/rails/actionpack/lib/action_controller/caching/sql_cache.rb:12:in `passenger_orig_perform_action'
    /usr/lib/ruby/1.8/phusion_passenger/railz/request_handler.rb:65:in `perform_action'
    /vendor/rails/actionpack/lib/action_controller/base.rb:524:in `send'
    /vendor/rails/actionpack/lib/action_controller/base.rb:524:in `process_without_filters'
    /vendor/rails/actionpack/lib/action_controller/filters.rb:606:in `process_without_session_management_support'
    /vendor/rails/actionpack/lib/action_controller/session_management.rb:134:in `process'
    /vendor/rails/actionpack/lib/action_controller/base.rb:392:in `process'
    /vendor/rails/actionpack/lib/action_controller/dispatcher.rb:184:in `handle_request'
    /vendor/rails/actionpack/lib/action_controller/dispatcher.rb:112:in `dispatch_unlocked'
    /vendor/rails/actionpack/lib/action_controller/dispatcher.rb:125:in `dispatch'
    /vendor/rails/actionpack/lib/action_controller/dispatcher.rb:124:in `synchronize'
    /vendor/rails/actionpack/lib/action_controller/dispatcher.rb:124:in `dispatch'
    /vendor/rails/actionpack/lib/action_controller/dispatcher.rb:134:in `dispatch_cgi'
    /vendor/rails/actionpack/lib/action_controller/dispatcher.rb:41:in `dispatch'
    /usr/lib/ruby/1.8/phusion_passenger/railz/request_handler.rb:50:in `process_request'
    /usr/lib/ruby/1.8/phusion_passenger/abstract_request_handler.rb:207:in `main_loop'
    /usr/lib/ruby/1.8/phusion_passenger/railz/application_spawner.rb:378:in `start_request_handler'
    /usr/lib/ruby/1.8/phusion_passenger/railz/application_spawner.rb:336:in `handle_spawn_application'
    /usr/lib/ruby/1.8/phusion_passenger/utils.rb:183:in `safe_fork'
    /usr/lib/ruby/1.8/phusion_passenger/railz/application_spawner.rb:334:in `handle_spawn_application'
    /usr/lib/ruby/1.8/phusion_passenger/abstract_server.rb:352:in `__send__'
    /usr/lib/ruby/1.8/phusion_passenger/abstract_server.rb:352:in `main_loop'
    /usr/lib/ruby/1.8/phusion_passenger/abstract_server.rb:196:in `start_synchronously'
    /usr/lib/ruby/1.8/phusion_passenger/abstract_server.rb:163:in `start'
    /usr/lib/ruby/1.8/phusion_passenger/railz/application_spawner.rb:213:in `start'
    /usr/lib/ruby/1.8/phusion_passenger/spawn_manager.rb:262:in `spawn_rails_application'
    /usr/lib/ruby/1.8/phusion_passenger/abstract_server_collection.rb:126:in `lookup_or_add'
    /usr/lib/ruby/1.8/phusion_passenger/spawn_manager.rb:256:in `spawn_rails_application'
    /usr/lib/ruby/1.8/phusion_passenger/abstract_server_collection.rb:80:in `synchronize'
    /usr/lib/ruby/1.8/phusion_passenger/abstract_server_collection.rb:79:in `synchronize'
    /usr/lib/ruby/1.8/phusion_passenger/spawn_manager.rb:255:in `spawn_rails_application'
    /usr/lib/ruby/1.8/phusion_passenger/spawn_manager.rb:154:in `spawn_application'
    /usr/lib/ruby/1.8/phusion_passenger/spawn_manager.rb:287:in `handle_spawn_application'
    /usr/lib/ruby/1.8/phusion_passenger/abstract_server.rb:352:in `__send__'
    /usr/lib/ruby/1.8/phusion_passenger/abstract_server.rb:352:in `main_loop'
    /usr/lib/ruby/1.8/phusion_passenger/abstract_server.rb:196:in `start_synchronously'
    /usr/lib/phusion_passenger/passenger-spawn-server:61

Rendering /srv/thingsurfing/thingsoup/public/500.html (500 Internal Server Error)


Processing ThingsController#index (for 87.187.124.38 at 2009-11-08 01:51:05) [GET]


Processing ThingsController#index (for 87.187.124.38 at 2009-11-08 01:51:05) [GET]


MissingSourceFile (no such file to load -- sqlite3):
    /usr/lib/ruby/1.8/rubygems/custom_require.rb:31:in `gem_original_require'
    /usr/lib/ruby/1.8/rubygems/custom_require.rb:31:in `require'
    /vendor/rails/activesupport/lib/active_support/dependencies.rb:155:in `require'
    /vendor/rails/activesupport/lib/active_support/core_ext/kernel/requires.rb:7:in `require_library_or_gem'
    /vendor/rails/activesupport/lib/active_support/core_ext/kernel/reporting.rb:11:in `silence_warnings'
    /vendor/rails/activesupport/lib/active_support/core_ext/kernel/requires.rb:5:in `require_library_or_gem'
    /vendor/rails/activerecord/lib/active_record/connection_adapters/sqlite3_adapter.rb:10:in `sqlite3_connection'
    /vendor/rails/activerecord/lib/active_record/connection_adapters/abstract/connection_pool.rb:223:in `send'
    /vendor/rails/activerecord/lib/active_record/connection_adapters/abstract/connection_pool.rb:223:in `new_connection'
    /vendor/rails/activerecord/lib/active_record/connection_adapters/abstract/connection_pool.rb:245:in `checkout_new_connection'
    /vendor/rails/activerecord/lib/active_record/connection_adapters/abstract/connection_pool.rb:188:in `checkout'
    /vendor/rails/activerecord/lib/active_record/connection_adapters/abstract/connection_pool.rb:184:in `loop'
    /vendor/rails/activerecord/lib/active_record/connection_adapters/abstract/connection_pool.rb:184:in `checkout'
    /usr/lib/ruby/1.8/monitor.rb:242:in `synchronize'
    /vendor/rails/activerecord/lib/active_record/connection_adapters/abstract/connection_pool.rb:183:in `checkout'
    /vendor/rails/activerecord/lib/active_record/connection_adapters/abstract/connection_pool.rb:98:in `connection'
    /vendor/rails/activerecord/lib/active_record/connection_adapters/abstract/connection_pool.rb:326:in `retrieve_connection'
    /vendor/rails/activerecord/lib/active_record/connection_adapters/abstract/connection_specification.rb:121:in `retrieve_connection'
    /vendor/rails/activerecord/lib/active_record/connection_adapters/abstract/connection_specification.rb:113:in `connection'
    /vendor/rails/activerecord/lib/active_record/query_cache.rb:8:in `cache'
    /vendor/rails/actionpack/lib/action_controller/caching/sql_cache.rb:12:in `passenger_orig_perform_action'
    /usr/lib/ruby/1.8/phusion_passenger/railz/request_handler.rb:65:in `perform_action'
    /vendor/rails/actionpack/lib/action_controller/base.rb:524:in `send'
    /vendor/rails/actionpack/lib/action_controller/base.rb:524:in `process_without_filters'
    /vendor/rails/actionpack/lib/action_controller/filters.rb:606:in `process_without_session_management_support'
    /vendor/rails/actionpack/lib/action_controller/session_management.rb:134:in `process'
    /vendor/rails/actionpack/lib/action_controller/base.rb:392:in `process'
    /vendor/rails/actionpack/lib/action_controller/dispatcher.rb:184:in `handle_request'
    /vendor/rails/actionpack/lib/action_controller/dispatcher.rb:112:in `dispatch_unlocked'
    /vendor/rails/actionpack/lib/action_controller/dispatcher.rb:125:in `dispatch'
    /vendor/rails/actionpack/lib/action_controller/dispatcher.rb:124:in `synchronize'
    /vendor/rails/actionpack/lib/action_controller/dispatcher.rb:124:in `dispatch'
    /vendor/rails/actionpack/lib/action_controller/dispatcher.rb:134:in `dispatch_cgi'
    /vendor/rails/actionpack/lib/action_controller/dispatcher.rb:41:in `dispatch'
    /usr/lib/ruby/1.8/phusion_passenger/railz/request_handler.rb:50:in `process_request'
    /usr/lib/ruby/1.8/phusion_passenger/abstract_request_handler.rb:207:in `main_loop'
    /usr/lib/ruby/1.8/phusion_passenger/railz/application_spawner.rb:378:in `start_request_handler'
    /usr/lib/ruby/1.8/phusion_passenger/railz/application_spawner.rb:336:in `handle_spawn_application'
    /usr/lib/ruby/1.8/phusion_passenger/utils.rb:183:in `safe_fork'
    /usr/lib/ruby/1.8/phusion_passenger/railz/application_spawner.rb:334:in `handle_spawn_application'
    /usr/lib/ruby/1.8/phusion_passenger/abstract_server.rb:352:in `__send__'
    /usr/lib/ruby/1.8/phusion_passenger/abstract_server.rb:352:in `main_loop'
    /usr/lib/ruby/1.8/phusion_passenger/abstract_server.rb:196:in `start_synchronously'
    /usr/lib/ruby/1.8/phusion_passenger/abstract_server.rb:163:in `start'
    /usr/lib/ruby/1.8/phusion_passenger/railz/application_spawner.rb:213:in `start'
    /usr/lib/ruby/1.8/phusion_passenger/spawn_manager.rb:262:in `spawn_rails_application'
    /usr/lib/ruby/1.8/phusion_passenger/abstract_server_collection.rb:126:in `lookup_or_add'
    /usr/lib/ruby/1.8/phusion_passenger/spawn_manager.rb:256:in `spawn_rails_application'
    /usr/lib/ruby/1.8/phusion_passenger/abstract_server_collection.rb:80:in `synchronize'
    /usr/lib/ruby/1.8/phusion_passenger/abstract_server_collection.rb:79:in `synchronize'
    /usr/lib/ruby/1.8/phusion_passenger/spawn_manager.rb:255:in `spawn_rails_application'
    /usr/lib/ruby/1.8/phusion_passenger/spawn_manager.rb:154:in `spawn_application'
    /usr/lib/ruby/1.8/phusion_passenger/spawn_manager.rb:287:in `handle_spawn_application'
    /usr/lib/ruby/1.8/phusion_passenger/abstract_server.rb:352:in `__send__'
    /usr/lib/ruby/1.8/phusion_passenger/abstract_server.rb:352:in `main_loop'
    /usr/lib/ruby/1.8/phusion_passenger/abstract_server.rb:196:in `start_synchronously'
    /usr/lib/phusion_passenger/passenger-spawn-server:61

Rendering /srv/thingsurfing/thingsoup/public/500.html (500 Internal Server Error)


Processing ThingsController#index (for 87.187.124.38 at 2009-11-08 01:52:07) [GET]


Processing ThingsController#index (for 87.187.124.38 at 2009-11-08 01:52:07) [GET]


SQLite3::CantOpenException (could not open database: unable to open database file):
    /usr/lib/ruby/1.8/sqlite3/errors.rb:62:in `check'
    /usr/lib/ruby/1.8/sqlite3/database.rb:79:in `initialize'
    /vendor/rails/activerecord/lib/active_record/connection_adapters/sqlite3_adapter.rb:13:in `new'
    /vendor/rails/activerecord/lib/active_record/connection_adapters/sqlite3_adapter.rb:13:in `sqlite3_connection'
    /vendor/rails/activerecord/lib/active_record/connection_adapters/abstract/connection_pool.rb:223:in `send'
    /vendor/rails/activerecord/lib/active_record/connection_adapters/abstract/connection_pool.rb:223:in `new_connection'
    /vendor/rails/activerecord/lib/active_record/connection_adapters/abstract/connection_pool.rb:245:in `checkout_new_connection'
    /vendor/rails/activerecord/lib/active_record/connection_adapters/abstract/connection_pool.rb:188:in `checkout'
    /vendor/rails/activerecord/lib/active_record/connection_adapters/abstract/connection_pool.rb:184:in `loop'
    /vendor/rails/activerecord/lib/active_record/connection_adapters/abstract/connection_pool.rb:184:in `checkout'
    /usr/lib/ruby/1.8/monitor.rb:242:in `synchronize'
    /vendor/rails/activerecord/lib/active_record/connection_adapters/abstract/connection_pool.rb:183:in `checkout'
    /vendor/rails/activerecord/lib/active_record/connection_adapters/abstract/connection_pool.rb:98:in `connection'
    /vendor/rails/activerecord/lib/active_record/connection_adapters/abstract/connection_pool.rb:326:in `retrieve_connection'
    /vendor/rails/activerecord/lib/active_record/connection_adapters/abstract/connection_specification.rb:121:in `retrieve_connection'
    /vendor/rails/activerecord/lib/active_record/connection_adapters/abstract/connection_specification.rb:113:in `connection'
    /vendor/rails/activerecord/lib/active_record/query_cache.rb:8:in `cache'
    /vendor/rails/actionpack/lib/action_controller/caching/sql_cache.rb:12:in `passenger_orig_perform_action'
    /usr/lib/ruby/1.8/phusion_passenger/railz/request_handler.rb:65:in `perform_action'
    /vendor/rails/actionpack/lib/action_controller/base.rb:524:in `send'
    /vendor/rails/actionpack/lib/action_controller/base.rb:524:in `process_without_filters'
    /vendor/rails/actionpack/lib/action_controller/filters.rb:606:in `process_without_session_management_support'
    /vendor/rails/actionpack/lib/action_controller/session_management.rb:134:in `process'
    /vendor/rails/actionpack/lib/action_controller/base.rb:392:in `process'
    /vendor/rails/actionpack/lib/action_controller/dispatcher.rb:184:in `handle_request'
    /vendor/rails/actionpack/lib/action_controller/dispatcher.rb:112:in `dispatch_unlocked'
    /vendor/rails/actionpack/lib/action_controller/dispatcher.rb:125:in `dispatch'
    /vendor/rails/actionpack/lib/action_controller/dispatcher.rb:124:in `synchronize'
    /vendor/rails/actionpack/lib/action_controller/dispatcher.rb:124:in `dispatch'
    /vendor/rails/actionpack/lib/action_controller/dispatcher.rb:134:in `dispatch_cgi'
    /vendor/rails/actionpack/lib/action_controller/dispatcher.rb:41:in `dispatch'
    /usr/lib/ruby/1.8/phusion_passenger/railz/request_handler.rb:50:in `process_request'
    /usr/lib/ruby/1.8/phusion_passenger/abstract_request_handler.rb:207:in `main_loop'
    /usr/lib/ruby/1.8/phusion_passenger/railz/application_spawner.rb:378:in `start_request_handler'
    /usr/lib/ruby/1.8/phusion_passenger/railz/application_spawner.rb:336:in `handle_spawn_application'
    /usr/lib/ruby/1.8/phusion_passenger/utils.rb:183:in `safe_fork'
    /usr/lib/ruby/1.8/phusion_passenger/railz/application_spawner.rb:334:in `handle_spawn_application'
    /usr/lib/ruby/1.8/phusion_passenger/abstract_server.rb:352:in `__send__'
    /usr/lib/ruby/1.8/phusion_passenger/abstract_server.rb:352:in `main_loop'
    /usr/lib/ruby/1.8/phusion_passenger/abstract_server.rb:196:in `start_synchronously'
    /usr/lib/ruby/1.8/phusion_passenger/abstract_server.rb:163:in `start'
    /usr/lib/ruby/1.8/phusion_passenger/railz/application_spawner.rb:213:in `start'
    /usr/lib/ruby/1.8/phusion_passenger/spawn_manager.rb:262:in `spawn_rails_application'
    /usr/lib/ruby/1.8/phusion_passenger/abstract_server_collection.rb:126:in `lookup_or_add'
    /usr/lib/ruby/1.8/phusion_passenger/spawn_manager.rb:256:in `spawn_rails_application'
    /usr/lib/ruby/1.8/phusion_passenger/abstract_server_collection.rb:80:in `synchronize'
    /usr/lib/ruby/1.8/phusion_passenger/abstract_server_collection.rb:79:in `synchronize'
    /usr/lib/ruby/1.8/phusion_passenger/spawn_manager.rb:255:in `spawn_rails_application'
    /usr/lib/ruby/1.8/phusion_passenger/spawn_manager.rb:154:in `spawn_application'
    /usr/lib/ruby/1.8/phusion_passenger/spawn_manager.rb:287:in `handle_spawn_application'
    /usr/lib/ruby/1.8/phusion_passenger/abstract_server.rb:352:in `__send__'
    /usr/lib/ruby/1.8/phusion_passenger/abstract_server.rb:352:in `main_loop'
    /usr/lib/ruby/1.8/phusion_passenger/abstract_server.rb:196:in `start_synchronously'
    /usr/lib/phusion_passenger/passenger-spawn-server:61

Rendering /srv/thingsurfing/thingsoup/public/500.html (500 Internal Server Error)


Processing ThingsController#index (for 87.187.124.38 at 2009-11-08 01:55:23) [GET]


ActionController::UnknownAction (No action responded to index. Actions: ):
    /vendor/rails/actionpack/lib/action_controller/filters.rb:617:in `call_filters'
    /vendor/rails/actionpack/lib/action_controller/filters.rb:610:in `perform_action_without_benchmark'
    /vendor/rails/actionpack/lib/action_controller/benchmarking.rb:68:in `perform_action_without_rescue'
    /usr/lib/ruby/1.8/benchmark.rb:293:in `measure'
    /vendor/rails/actionpack/lib/action_controller/benchmarking.rb:68:in `perform_action_without_rescue'
    /vendor/rails/actionpack/lib/action_controller/rescue.rb:136:in `perform_action_without_caching'
    /vendor/rails/actionpack/lib/action_controller/caching/sql_cache.rb:13:in `passenger_orig_perform_action'
    /vendor/rails/activerecord/lib/active_record/connection_adapters/abstract/query_cache.rb:34:in `cache'
    /vendor/rails/activerecord/lib/active_record/query_cache.rb:8:in `cache'
    /vendor/rails/actionpack/lib/action_controller/caching/sql_cache.rb:12:in `passenger_orig_perform_action'
    /usr/lib/ruby/1.8/phusion_passenger/railz/request_handler.rb:65:in `perform_action'
    /vendor/rails/actionpack/lib/action_controller/base.rb:524:in `send'
    /vendor/rails/actionpack/lib/action_controller/base.rb:524:in `process_without_filters'
    /vendor/rails/actionpack/lib/action_controller/filters.rb:606:in `process_without_session_management_support'
    /vendor/rails/actionpack/lib/action_controller/session_management.rb:134:in `process'
    /vendor/rails/actionpack/lib/action_controller/base.rb:392:in `process'
    /vendor/rails/actionpack/lib/action_controller/dispatcher.rb:184:in `handle_request'
    /vendor/rails/actionpack/lib/action_controller/dispatcher.rb:112:in `dispatch_unlocked'
    /vendor/rails/actionpack/lib/action_controller/dispatcher.rb:125:in `dispatch'
    /vendor/rails/actionpack/lib/action_controller/dispatcher.rb:124:in `synchronize'
    /vendor/rails/actionpack/lib/action_controller/dispatcher.rb:124:in `dispatch'
    /vendor/rails/actionpack/lib/action_controller/dispatcher.rb:134:in `dispatch_cgi'
    /vendor/rails/actionpack/lib/action_controller/dispatcher.rb:41:in `dispatch'
    /usr/lib/ruby/1.8/phusion_passenger/railz/request_handler.rb:50:in `process_request'
    /usr/lib/ruby/1.8/phusion_passenger/abstract_request_handler.rb:207:in `main_loop'
    /usr/lib/ruby/1.8/phusion_passenger/railz/application_spawner.rb:378:in `start_request_handler'
    /usr/lib/ruby/1.8/phusion_passenger/railz/application_spawner.rb:336:in `handle_spawn_application'
    /usr/lib/ruby/1.8/phusion_passenger/utils.rb:183:in `safe_fork'
    /usr/lib/ruby/1.8/phusion_passenger/railz/application_spawner.rb:334:in `handle_spawn_application'
    /usr/lib/ruby/1.8/phusion_passenger/abstract_server.rb:352:in `__send__'
    /usr/lib/ruby/1.8/phusion_passenger/abstract_server.rb:352:in `main_loop'
    /usr/lib/ruby/1.8/phusion_passenger/abstract_server.rb:196:in `start_synchronously'
    /usr/lib/ruby/1.8/phusion_passenger/abstract_server.rb:163:in `start'
    /usr/lib/ruby/1.8/phusion_passenger/railz/application_spawner.rb:213:in `start'
    /usr/lib/ruby/1.8/phusion_passenger/spawn_manager.rb:262:in `spawn_rails_application'
    /usr/lib/ruby/1.8/phusion_passenger/abstract_server_collection.rb:126:in `lookup_or_add'
    /usr/lib/ruby/1.8/phusion_passenger/spawn_manager.rb:256:in `spawn_rails_application'
    /usr/lib/ruby/1.8/phusion_passenger/abstract_server_collection.rb:80:in `synchronize'
    /usr/lib/ruby/1.8/phusion_passenger/abstract_server_collection.rb:79:in `synchronize'
    /usr/lib/ruby/1.8/phusion_passenger/spawn_manager.rb:255:in `spawn_rails_application'
    /usr/lib/ruby/1.8/phusion_passenger/spawn_manager.rb:154:in `spawn_application'
    /usr/lib/ruby/1.8/phusion_passenger/spawn_manager.rb:287:in `handle_spawn_application'
    /usr/lib/ruby/1.8/phusion_passenger/abstract_server.rb:352:in `__send__'
    /usr/lib/ruby/1.8/phusion_passenger/abstract_server.rb:352:in `main_loop'
    /usr/lib/ruby/1.8/phusion_passenger/abstract_server.rb:196:in `start_synchronously'
    /usr/lib/phusion_passenger/passenger-spawn-server:61

Rendering /srv/thingsurfing/thingsoup/public/404.html (404 Not Found)


Processing ThingsController#index (for 87.187.124.38 at 2009-11-08 01:55:36) [GET]


ActionController::UnknownAction (No action responded to index. Actions: ):
    /vendor/rails/actionpack/lib/action_controller/filters.rb:617:in `call_filters'
    /vendor/rails/actionpack/lib/action_controller/filters.rb:610:in `perform_action_without_benchmark'
    /vendor/rails/actionpack/lib/action_controller/benchmarking.rb:68:in `perform_action_without_rescue'
    /usr/lib/ruby/1.8/benchmark.rb:293:in `measure'
    /vendor/rails/actionpack/lib/action_controller/benchmarking.rb:68:in `perform_action_without_rescue'
    /vendor/rails/actionpack/lib/action_controller/rescue.rb:136:in `perform_action_without_caching'
    /vendor/rails/actionpack/lib/action_controller/caching/sql_cache.rb:13:in `passenger_orig_perform_action'
    /vendor/rails/activerecord/lib/active_record/connection_adapters/abstract/query_cache.rb:34:in `cache'
    /vendor/rails/activerecord/lib/active_record/query_cache.rb:8:in `cache'
    /vendor/rails/actionpack/lib/action_controller/caching/sql_cache.rb:12:in `passenger_orig_perform_action'
    /usr/lib/ruby/1.8/phusion_passenger/railz/request_handler.rb:65:in `perform_action'
    /vendor/rails/actionpack/lib/action_controller/base.rb:524:in `send'
    /vendor/rails/actionpack/lib/action_controller/base.rb:524:in `process_without_filters'
    /vendor/rails/actionpack/lib/action_controller/filters.rb:606:in `process_without_session_management_support'
    /vendor/rails/actionpack/lib/action_controller/session_management.rb:134:in `process'
    /vendor/rails/actionpack/lib/action_controller/base.rb:392:in `process'
    /vendor/rails/actionpack/lib/action_controller/dispatcher.rb:184:in `handle_request'
    /vendor/rails/actionpack/lib/action_controller/dispatcher.rb:112:in `dispatch_unlocked'
    /vendor/rails/actionpack/lib/action_controller/dispatcher.rb:125:in `dispatch'
    /vendor/rails/actionpack/lib/action_controller/dispatcher.rb:124:in `synchronize'
    /vendor/rails/actionpack/lib/action_controller/dispatcher.rb:124:in `dispatch'
    /vendor/rails/actionpack/lib/action_controller/dispatcher.rb:134:in `dispatch_cgi'
    /vendor/rails/actionpack/lib/action_controller/dispatcher.rb:41:in `dispatch'
    /usr/lib/ruby/1.8/phusion_passenger/railz/request_handler.rb:50:in `process_request'
    /usr/lib/ruby/1.8/phusion_passenger/abstract_request_handler.rb:207:in `main_loop'
    /usr/lib/ruby/1.8/phusion_passenger/railz/application_spawner.rb:378:in `start_request_handler'
    /usr/lib/ruby/1.8/phusion_passenger/railz/application_spawner.rb:336:in `handle_spawn_application'
    /usr/lib/ruby/1.8/phusion_passenger/utils.rb:183:in `safe_fork'
    /usr/lib/ruby/1.8/phusion_passenger/railz/application_spawner.rb:334:in `handle_spawn_application'
    /usr/lib/ruby/1.8/phusion_passenger/abstract_server.rb:352:in `__send__'
    /usr/lib/ruby/1.8/phusion_passenger/abstract_server.rb:352:in `main_loop'
    /usr/lib/ruby/1.8/phusion_passenger/abstract_server.rb:196:in `start_synchronously'
    /usr/lib/ruby/1.8/phusion_passenger/abstract_server.rb:163:in `start'
    /usr/lib/ruby/1.8/phusion_passenger/railz/application_spawner.rb:213:in `start'
    /usr/lib/ruby/1.8/phusion_passenger/spawn_manager.rb:262:in `spawn_rails_application'
    /usr/lib/ruby/1.8/phusion_passenger/abstract_server_collection.rb:126:in `lookup_or_add'
    /usr/lib/ruby/1.8/phusion_passenger/spawn_manager.rb:256:in `spawn_rails_application'
    /usr/lib/ruby/1.8/phusion_passenger/abstract_server_collection.rb:80:in `synchronize'
    /usr/lib/ruby/1.8/phusion_passenger/abstract_server_collection.rb:79:in `synchronize'
    /usr/lib/ruby/1.8/phusion_passenger/spawn_manager.rb:255:in `spawn_rails_application'
    /usr/lib/ruby/1.8/phusion_passenger/spawn_manager.rb:154:in `spawn_application'
    /usr/lib/ruby/1.8/phusion_passenger/spawn_manager.rb:287:in `handle_spawn_application'
    /usr/lib/ruby/1.8/phusion_passenger/abstract_server.rb:352:in `__send__'
    /usr/lib/ruby/1.8/phusion_passenger/abstract_server.rb:352:in `main_loop'
    /usr/lib/ruby/1.8/phusion_passenger/abstract_server.rb:196:in `start_synchronously'
    /usr/lib/phusion_passenger/passenger-spawn-server:61

Rendering /srv/thingsurfing/thingsoup/public/404.html (404 Not Found)


Processing ThingsController#index (for 87.187.124.38 at 2009-11-08 01:56:05) [GET]


ActionController::UnknownAction (No action responded to index. Actions: ):
    /vendor/rails/actionpack/lib/action_controller/filters.rb:617:in `call_filters'
    /vendor/rails/actionpack/lib/action_controller/filters.rb:610:in `perform_action_without_benchmark'
    /vendor/rails/actionpack/lib/action_controller/benchmarking.rb:68:in `perform_action_without_rescue'
    /usr/lib/ruby/1.8/benchmark.rb:293:in `measure'
    /vendor/rails/actionpack/lib/action_controller/benchmarking.rb:68:in `perform_action_without_rescue'
    /vendor/rails/actionpack/lib/action_controller/rescue.rb:136:in `perform_action_without_caching'
    /vendor/rails/actionpack/lib/action_controller/caching/sql_cache.rb:13:in `passenger_orig_perform_action'
    /vendor/rails/activerecord/lib/active_record/connection_adapters/abstract/query_cache.rb:34:in `cache'
    /vendor/rails/activerecord/lib/active_record/query_cache.rb:8:in `cache'
    /vendor/rails/actionpack/lib/action_controller/caching/sql_cache.rb:12:in `passenger_orig_perform_action'
    /usr/lib/ruby/1.8/phusion_passenger/railz/request_handler.rb:65:in `perform_action'
    /vendor/rails/actionpack/lib/action_controller/base.rb:524:in `send'
    /vendor/rails/actionpack/lib/action_controller/base.rb:524:in `process_without_filters'
    /vendor/rails/actionpack/lib/action_controller/filters.rb:606:in `process_without_session_management_support'
    /vendor/rails/actionpack/lib/action_controller/session_management.rb:134:in `process'
    /vendor/rails/actionpack/lib/action_controller/base.rb:392:in `process'
    /vendor/rails/actionpack/lib/action_controller/dispatcher.rb:184:in `handle_request'
    /vendor/rails/actionpack/lib/action_controller/dispatcher.rb:112:in `dispatch_unlocked'
    /vendor/rails/actionpack/lib/action_controller/dispatcher.rb:125:in `dispatch'
    /vendor/rails/actionpack/lib/action_controller/dispatcher.rb:124:in `synchronize'
    /vendor/rails/actionpack/lib/action_controller/dispatcher.rb:124:in `dispatch'
    /vendor/rails/actionpack/lib/action_controller/dispatcher.rb:134:in `dispatch_cgi'
    /vendor/rails/actionpack/lib/action_controller/dispatcher.rb:41:in `dispatch'
    /usr/lib/ruby/1.8/phusion_passenger/railz/request_handler.rb:50:in `process_request'
    /usr/lib/ruby/1.8/phusion_passenger/abstract_request_handler.rb:207:in `main_loop'
    /usr/lib/ruby/1.8/phusion_passenger/railz/application_spawner.rb:378:in `start_request_handler'
    /usr/lib/ruby/1.8/phusion_passenger/railz/application_spawner.rb:336:in `handle_spawn_application'
    /usr/lib/ruby/1.8/phusion_passenger/utils.rb:183:in `safe_fork'
    /usr/lib/ruby/1.8/phusion_passenger/railz/application_spawner.rb:334:in `handle_spawn_application'
    /usr/lib/ruby/1.8/phusion_passenger/abstract_server.rb:352:in `__send__'
    /usr/lib/ruby/1.8/phusion_passenger/abstract_server.rb:352:in `main_loop'
    /usr/lib/ruby/1.8/phusion_passenger/abstract_server.rb:196:in `start_synchronously'
    /usr/lib/ruby/1.8/phusion_passenger/abstract_server.rb:163:in `start'
    /usr/lib/ruby/1.8/phusion_passenger/railz/application_spawner.rb:213:in `start'
    /usr/lib/ruby/1.8/phusion_passenger/spawn_manager.rb:262:in `spawn_rails_application'
    /usr/lib/ruby/1.8/phusion_passenger/abstract_server_collection.rb:126:in `lookup_or_add'
    /usr/lib/ruby/1.8/phusion_passenger/spawn_manager.rb:256:in `spawn_rails_application'
    /usr/lib/ruby/1.8/phusion_passenger/abstract_server_collection.rb:80:in `synchronize'
    /usr/lib/ruby/1.8/phusion_passenger/abstract_server_collection.rb:79:in `synchronize'
    /usr/lib/ruby/1.8/phusion_passenger/spawn_manager.rb:255:in `spawn_rails_application'
    /usr/lib/ruby/1.8/phusion_passenger/spawn_manager.rb:154:in `spawn_application'
    /usr/lib/ruby/1.8/phusion_passenger/spawn_manager.rb:287:in `handle_spawn_application'
    /usr/lib/ruby/1.8/phusion_passenger/abstract_server.rb:352:in `__send__'
    /usr/lib/ruby/1.8/phusion_passenger/abstract_server.rb:352:in `main_loop'
    /usr/lib/ruby/1.8/phusion_passenger/abstract_server.rb:196:in `start_synchronously'
    /usr/lib/phusion_passenger/passenger-spawn-server:61

Rendering /srv/thingsurfing/thingsoup/public/404.html (404 Not Found)


Processing ThingsController#index (for 87.187.124.38 at 2009-11-08 01:58:59) [GET]


ActionController::UnknownAction (No action responded to index. Actions: ):
    /vendor/rails/actionpack/lib/action_controller/filters.rb:617:in `call_filters'
    /vendor/rails/actionpack/lib/action_controller/filters.rb:610:in `perform_action_without_benchmark'
    /vendor/rails/actionpack/lib/action_controller/benchmarking.rb:68:in `perform_action_without_rescue'
    /usr/lib/ruby/1.8/benchmark.rb:293:in `measure'
    /vendor/rails/actionpack/lib/action_controller/benchmarking.rb:68:in `perform_action_without_rescue'
    /vendor/rails/actionpack/lib/action_controller/rescue.rb:136:in `perform_action_without_caching'
    /vendor/rails/actionpack/lib/action_controller/caching/sql_cache.rb:13:in `passenger_orig_perform_action'
    /vendor/rails/activerecord/lib/active_record/connection_adapters/abstract/query_cache.rb:34:in `cache'
    /vendor/rails/activerecord/lib/active_record/query_cache.rb:8:in `cache'
    /vendor/rails/actionpack/lib/action_controller/caching/sql_cache.rb:12:in `passenger_orig_perform_action'
    /usr/lib/ruby/1.8/phusion_passenger/railz/request_handler.rb:65:in `perform_action'
    /vendor/rails/actionpack/lib/action_controller/base.rb:524:in `send'
    /vendor/rails/actionpack/lib/action_controller/base.rb:524:in `process_without_filters'
    /vendor/rails/actionpack/lib/action_controller/filters.rb:606:in `process_without_session_management_support'
    /vendor/rails/actionpack/lib/action_controller/session_management.rb:134:in `process'
    /vendor/rails/actionpack/lib/action_controller/base.rb:392:in `process'
    /vendor/rails/actionpack/lib/action_controller/dispatcher.rb:184:in `handle_request'
    /vendor/rails/actionpack/lib/action_controller/dispatcher.rb:112:in `dispatch_unlocked'
    /vendor/rails/actionpack/lib/action_controller/dispatcher.rb:125:in `dispatch'
    /vendor/rails/actionpack/lib/action_controller/dispatcher.rb:124:in `synchronize'
    /vendor/rails/actionpack/lib/action_controller/dispatcher.rb:124:in `dispatch'
    /vendor/rails/actionpack/lib/action_controller/dispatcher.rb:134:in `dispatch_cgi'
    /vendor/rails/actionpack/lib/action_controller/dispatcher.rb:41:in `dispatch'
    /usr/lib/ruby/1.8/phusion_passenger/railz/request_handler.rb:50:in `process_request'
    /usr/lib/ruby/1.8/phusion_passenger/abstract_request_handler.rb:207:in `main_loop'
    /usr/lib/ruby/1.8/phusion_passenger/railz/application_spawner.rb:378:in `start_request_handler'
    /usr/lib/ruby/1.8/phusion_passenger/railz/application_spawner.rb:336:in `handle_spawn_application'
    /usr/lib/ruby/1.8/phusion_passenger/utils.rb:183:in `safe_fork'
    /usr/lib/ruby/1.8/phusion_passenger/railz/application_spawner.rb:334:in `handle_spawn_application'
    /usr/lib/ruby/1.8/phusion_passenger/abstract_server.rb:352:in `__send__'
    /usr/lib/ruby/1.8/phusion_passenger/abstract_server.rb:352:in `main_loop'
    /usr/lib/ruby/1.8/phusion_passenger/abstract_server.rb:196:in `start_synchronously'
    /usr/lib/ruby/1.8/phusion_passenger/abstract_server.rb:163:in `start'
    /usr/lib/ruby/1.8/phusion_passenger/railz/application_spawner.rb:213:in `start'
    /usr/lib/ruby/1.8/phusion_passenger/spawn_manager.rb:262:in `spawn_rails_application'
    /usr/lib/ruby/1.8/phusion_passenger/abstract_server_collection.rb:126:in `lookup_or_add'
    /usr/lib/ruby/1.8/phusion_passenger/spawn_manager.rb:256:in `spawn_rails_application'
    /usr/lib/ruby/1.8/phusion_passenger/abstract_server_collection.rb:80:in `synchronize'
    /usr/lib/ruby/1.8/phusion_passenger/abstract_server_collection.rb:79:in `synchronize'
    /usr/lib/ruby/1.8/phusion_passenger/spawn_manager.rb:255:in `spawn_rails_application'
    /usr/lib/ruby/1.8/phusion_passenger/spawn_manager.rb:154:in `spawn_application'
    /usr/lib/ruby/1.8/phusion_passenger/spawn_manager.rb:287:in `handle_spawn_application'
    /usr/lib/ruby/1.8/phusion_passenger/abstract_server.rb:352:in `__send__'
    /usr/lib/ruby/1.8/phusion_passenger/abstract_server.rb:352:in `main_loop'
    /usr/lib/ruby/1.8/phusion_passenger/abstract_server.rb:196:in `start_synchronously'
    /usr/lib/phusion_passenger/passenger-spawn-server:61

Rendering /srv/thingsurfing/thingsoup/public/404.html (404 Not Found)


Processing ThingsController#index (for 87.187.124.38 at 2009-11-08 01:59:03) [GET]


ActionController::UnknownAction (No action responded to index. Actions: ):
    /vendor/rails/actionpack/lib/action_controller/filters.rb:617:in `call_filters'
    /vendor/rails/actionpack/lib/action_controller/filters.rb:610:in `perform_action_without_benchmark'
    /vendor/rails/actionpack/lib/action_controller/benchmarking.rb:68:in `perform_action_without_rescue'
    /usr/lib/ruby/1.8/benchmark.rb:293:in `measure'
    /vendor/rails/actionpack/lib/action_controller/benchmarking.rb:68:in `perform_action_without_rescue'
    /vendor/rails/actionpack/lib/action_controller/rescue.rb:136:in `perform_action_without_caching'
    /vendor/rails/actionpack/lib/action_controller/caching/sql_cache.rb:13:in `passenger_orig_perform_action'
    /vendor/rails/activerecord/lib/active_record/connection_adapters/abstract/query_cache.rb:34:in `cache'
    /vendor/rails/activerecord/lib/active_record/query_cache.rb:8:in `cache'
    /vendor/rails/actionpack/lib/action_controller/caching/sql_cache.rb:12:in `passenger_orig_perform_action'
    /usr/lib/ruby/1.8/phusion_passenger/railz/request_handler.rb:65:in `perform_action'
    /vendor/rails/actionpack/lib/action_controller/base.rb:524:in `send'
    /vendor/rails/actionpack/lib/action_controller/base.rb:524:in `process_without_filters'
    /vendor/rails/actionpack/lib/action_controller/filters.rb:606:in `process_without_session_management_support'
    /vendor/rails/actionpack/lib/action_controller/session_management.rb:134:in `process'
    /vendor/rails/actionpack/lib/action_controller/base.rb:392:in `process'
    /vendor/rails/actionpack/lib/action_controller/dispatcher.rb:184:in `handle_request'
    /vendor/rails/actionpack/lib/action_controller/dispatcher.rb:112:in `dispatch_unlocked'
    /vendor/rails/actionpack/lib/action_controller/dispatcher.rb:125:in `dispatch'
    /vendor/rails/actionpack/lib/action_controller/dispatcher.rb:124:in `synchronize'
    /vendor/rails/actionpack/lib/action_controller/dispatcher.rb:124:in `dispatch'
    /vendor/rails/actionpack/lib/action_controller/dispatcher.rb:134:in `dispatch_cgi'
    /vendor/rails/actionpack/lib/action_controller/dispatcher.rb:41:in `dispatch'
    /usr/lib/ruby/1.8/phusion_passenger/railz/request_handler.rb:50:in `process_request'
    /usr/lib/ruby/1.8/phusion_passenger/abstract_request_handler.rb:207:in `main_loop'
    /usr/lib/ruby/1.8/phusion_passenger/railz/application_spawner.rb:378:in `start_request_handler'
    /usr/lib/ruby/1.8/phusion_passenger/railz/application_spawner.rb:336:in `handle_spawn_application'
    /usr/lib/ruby/1.8/phusion_passenger/utils.rb:183:in `safe_fork'
    /usr/lib/ruby/1.8/phusion_passenger/railz/application_spawner.rb:334:in `handle_spawn_application'
    /usr/lib/ruby/1.8/phusion_passenger/abstract_server.rb:352:in `__send__'
    /usr/lib/ruby/1.8/phusion_passenger/abstract_server.rb:352:in `main_loop'
    /usr/lib/ruby/1.8/phusion_passenger/abstract_server.rb:196:in `start_synchronously'
    /usr/lib/ruby/1.8/phusion_passenger/abstract_server.rb:163:in `start'
    /usr/lib/ruby/1.8/phusion_passenger/railz/application_spawner.rb:213:in `start'
    /usr/lib/ruby/1.8/phusion_passenger/spawn_manager.rb:262:in `spawn_rails_application'
    /usr/lib/ruby/1.8/phusion_passenger/abstract_server_collection.rb:126:in `lookup_or_add'
    /usr/lib/ruby/1.8/phusion_passenger/spawn_manager.rb:256:in `spawn_rails_application'
    /usr/lib/ruby/1.8/phusion_passenger/abstract_server_collection.rb:80:in `synchronize'
    /usr/lib/ruby/1.8/phusion_passenger/abstract_server_collection.rb:79:in `synchronize'
    /usr/lib/ruby/1.8/phusion_passenger/spawn_manager.rb:255:in `spawn_rails_application'
    /usr/lib/ruby/1.8/phusion_passenger/spawn_manager.rb:154:in `spawn_application'
    /usr/lib/ruby/1.8/phusion_passenger/spawn_manager.rb:287:in `handle_spawn_application'
    /usr/lib/ruby/1.8/phusion_passenger/abstract_server.rb:352:in `__send__'
    /usr/lib/ruby/1.8/phusion_passenger/abstract_server.rb:352:in `main_loop'
    /usr/lib/ruby/1.8/phusion_passenger/abstract_server.rb:196:in `start_synchronously'
    /usr/lib/phusion_passenger/passenger-spawn-server:61

Rendering /srv/thingsurfing/thingsoup/public/404.html (404 Not Found)


Processing ThingsController#index (for 87.187.124.38 at 2009-11-08 01:59:45) [GET]
  Parameters: {"id"=>"1"}


ActionController::UnknownAction (No action responded to index. Actions: ):
    /vendor/rails/actionpack/lib/action_controller/filters.rb:617:in `call_filters'
    /vendor/rails/actionpack/lib/action_controller/filters.rb:610:in `perform_action_without_benchmark'
    /vendor/rails/actionpack/lib/action_controller/benchmarking.rb:68:in `perform_action_without_rescue'
    /usr/lib/ruby/1.8/benchmark.rb:293:in `measure'
    /vendor/rails/actionpack/lib/action_controller/benchmarking.rb:68:in `perform_action_without_rescue'
    /vendor/rails/actionpack/lib/action_controller/rescue.rb:136:in `perform_action_without_caching'
    /vendor/rails/actionpack/lib/action_controller/caching/sql_cache.rb:13:in `passenger_orig_perform_action'
    /vendor/rails/activerecord/lib/active_record/connection_adapters/abstract/query_cache.rb:34:in `cache'
    /vendor/rails/activerecord/lib/active_record/query_cache.rb:8:in `cache'
    /vendor/rails/actionpack/lib/action_controller/caching/sql_cache.rb:12:in `passenger_orig_perform_action'
    /usr/lib/ruby/1.8/phusion_passenger/railz/request_handler.rb:65:in `perform_action'
    /vendor/rails/actionpack/lib/action_controller/base.rb:524:in `send'
    /vendor/rails/actionpack/lib/action_controller/base.rb:524:in `process_without_filters'
    /vendor/rails/actionpack/lib/action_controller/filters.rb:606:in `process_without_session_management_support'
    /vendor/rails/actionpack/lib/action_controller/session_management.rb:134:in `process'
    /vendor/rails/actionpack/lib/action_controller/base.rb:392:in `process'
    /vendor/rails/actionpack/lib/action_controller/dispatcher.rb:184:in `handle_request'
    /vendor/rails/actionpack/lib/action_controller/dispatcher.rb:112:in `dispatch_unlocked'
    /vendor/rails/actionpack/lib/action_controller/dispatcher.rb:125:in `dispatch'
    /vendor/rails/actionpack/lib/action_controller/dispatcher.rb:124:in `synchronize'
    /vendor/rails/actionpack/lib/action_controller/dispatcher.rb:124:in `dispatch'
    /vendor/rails/actionpack/lib/action_controller/dispatcher.rb:134:in `dispatch_cgi'
    /vendor/rails/actionpack/lib/action_controller/dispatcher.rb:41:in `dispatch'
    /usr/lib/ruby/1.8/phusion_passenger/railz/request_handler.rb:50:in `process_request'
    /usr/lib/ruby/1.8/phusion_passenger/abstract_request_handler.rb:207:in `main_loop'
    /usr/lib/ruby/1.8/phusion_passenger/railz/application_spawner.rb:378:in `start_request_handler'
    /usr/lib/ruby/1.8/phusion_passenger/railz/application_spawner.rb:336:in `handle_spawn_application'
    /usr/lib/ruby/1.8/phusion_passenger/utils.rb:183:in `safe_fork'
    /usr/lib/ruby/1.8/phusion_passenger/railz/application_spawner.rb:334:in `handle_spawn_application'
    /usr/lib/ruby/1.8/phusion_passenger/abstract_server.rb:352:in `__send__'
    /usr/lib/ruby/1.8/phusion_passenger/abstract_server.rb:352:in `main_loop'
    /usr/lib/ruby/1.8/phusion_passenger/abstract_server.rb:196:in `start_synchronously'
    /usr/lib/ruby/1.8/phusion_passenger/abstract_server.rb:163:in `start'
    /usr/lib/ruby/1.8/phusion_passenger/railz/application_spawner.rb:213:in `start'
    /usr/lib/ruby/1.8/phusion_passenger/spawn_manager.rb:262:in `spawn_rails_application'
    /usr/lib/ruby/1.8/phusion_passenger/abstract_server_collection.rb:126:in `lookup_or_add'
    /usr/lib/ruby/1.8/phusion_passenger/spawn_manager.rb:256:in `spawn_rails_application'
    /usr/lib/ruby/1.8/phusion_passenger/abstract_server_collection.rb:80:in `synchronize'
    /usr/lib/ruby/1.8/phusion_passenger/abstract_server_collection.rb:79:in `synchronize'
    /usr/lib/ruby/1.8/phusion_passenger/spawn_manager.rb:255:in `spawn_rails_application'
    /usr/lib/ruby/1.8/phusion_passenger/spawn_manager.rb:154:in `spawn_application'
    /usr/lib/ruby/1.8/phusion_passenger/spawn_manager.rb:287:in `handle_spawn_application'
    /usr/lib/ruby/1.8/phusion_passenger/abstract_server.rb:352:in `__send__'
    /usr/lib/ruby/1.8/phusion_passenger/abstract_server.rb:352:in `main_loop'
    /usr/lib/ruby/1.8/phusion_passenger/abstract_server.rb:196:in `start_synchronously'
    /usr/lib/phusion_passenger/passenger-spawn-server:61

Rendering /srv/thingsurfing/thingsoup/public/404.html (404 Not Found)


Processing ThingsController#index (for 87.187.124.38 at 2009-11-08 01:59:58) [GET]
  Parameters: {"id"=>"1"}
Rendering things/index
Completed in 3ms (View: 0, DB: 0) | 200 OK [http://thingsurfing/things/index/1]


Processing ThingsController#index (for 87.187.124.38 at 2009-11-08 02:00:03) [GET]
Rendering things/index
Completed in 1ms (View: 0, DB: 0) | 200 OK [http://thingsurfing/things/index/]


Processing ThingsController#index (for 87.187.124.38 at 2009-11-08 02:01:14) [GET]
Rendering things/index
Completed in 4ms (View: 1, DB: 0) | 200 OK [http://thingsurfing/things/index/]
